<?xml version="1.0" encoding="UTF-8"?>
<!-- Generated by org.testng.reporters.JUnitXMLReporter -->
<testsuite ignored="0" hostname="DESKTOP-AUGHFJE" failures="0" tests="6" name="Default test(failed)(failed)" time="0.162" errors="0" timestamp="2023-04-24T16:49:35 IST">
  <testcase classname="test.TestNGClass1" name="@BeforeTest launchBrowser" time="-1.682335175772E9">
    <failure type="org.testng.TestNGException" message="
Parameter &amp;apos;browser&amp;apos; is required by BeforeTest on method launchBrowser but has not been marked @Optional or defined
in C:\Users\Lenovo\eclipse-workspace\Maven_GovernmentOfMaharashtra_PuneDistrict\test-output\testng-failed.xml">
      <![CDATA[org.testng.TestNGException: 
Parameter 'browser' is required by BeforeTest on method launchBrowser but has not been marked @Optional or defined
in C:\Users\Lenovo\eclipse-workspace\Maven_GovernmentOfMaharashtra_PuneDistrict\test-output\testng-failed.xml
... Removed 21 stack frames]]>
    </failure>
  </testcase> <!-- @BeforeTest launchBrowser -->
  <testcase classname="test.TestNGClass1" name="@BeforeClass launchBrowser" time="-1.682335175814E9">
    <skipped/>
  </testcase> <!-- @BeforeClass launchBrowser -->
  <testcase classname="test.TestNGClass1" name="@BeforeMethod goToDistrictPuneGOMHomePage" time="-1.682335175832E9">
    <skipped/>
  </testcase> <!-- @BeforeMethod goToDistrictPuneGOMHomePage -->
  <testcase classname="test.TestNGClass1" name="@AfterMethod closePage" time="-1.682335175841E9">
    <skipped/>
  </testcase> <!-- @AfterMethod closePage -->
  <testcase classname="test.TestNGClass1" name="@BeforeMethod goToDistrictPuneGOMHomePage" time="-1.682335175846E9">
    <skipped/>
  </testcase> <!-- @BeforeMethod goToDistrictPuneGOMHomePage -->
  <testcase classname="test.TestNGClass1" name="@AfterMethod closePage" time="-1.682335175852E9">
    <skipped/>
  </testcase> <!-- @AfterMethod closePage -->
  <testcase classname="test.TestNGClass1" name="@BeforeMethod goToDistrictPuneGOMHomePage" time="-1.682335175855E9">
    <skipped/>
  </testcase> <!-- @BeforeMethod goToDistrictPuneGOMHomePage -->
  <testcase classname="test.TestNGClass1" name="@AfterMethod closePage" time="-1.682335175867E9">
    <skipped/>
  </testcase> <!-- @AfterMethod closePage -->
  <testcase classname="test.TestNGClass1" name="@BeforeMethod goToDistrictPuneGOMHomePage" time="-1.682335175873E9">
    <skipped/>
  </testcase> <!-- @BeforeMethod goToDistrictPuneGOMHomePage -->
  <testcase classname="test.TestNGClass1" name="@AfterMethod closePage" time="-1.682335175886E9">
    <skipped/>
  </testcase> <!-- @AfterMethod closePage -->
  <testcase classname="test.TestNGClass1" name="@BeforeMethod goToDistrictPuneGOMHomePage" time="-1.682335175891E9">
    <skipped/>
  </testcase> <!-- @BeforeMethod goToDistrictPuneGOMHomePage -->
  <testcase classname="test.TestNGClass1" name="@AfterMethod closePage" time="-1.682335175904E9">
    <skipped/>
  </testcase> <!-- @AfterMethod closePage -->
  <testcase classname="test.TestNGClass1" name="@BeforeMethod goToDistrictPuneGOMHomePage" time="-1.682335175907E9">
    <skipped/>
  </testcase> <!-- @BeforeMethod goToDistrictPuneGOMHomePage -->
  <testcase classname="test.TestNGClass1" name="@AfterMethod closePage" time="-1.682335175918E9">
    <skipped/>
  </testcase> <!-- @AfterMethod closePage -->
  <testcase classname="test.TestNGClass1" name="@AfterClass removeObjects" time="-1.682335175922E9">
    <skipped/>
  </testcase> <!-- @AfterClass removeObjects -->
  <testcase classname="test.TestNGClass1" name="@AfterTest closeBrowser" time="-1.682335175923E9">
    <skipped/>
  </testcase> <!-- @AfterTest closeBrowser -->
  <testcase classname="test.TestNGClass1" name="verifyDistrictPuneGOMHomePage" time="0.0">
    <skipped/>
  </testcase> <!-- verifyDistrictPuneGOMHomePage -->
  <testcase classname="test.TestNGClass1" name="verifyWhosWhoPage" time="0.0">
    <skipped/>
  </testcase> <!-- verifyWhosWhoPage -->
  <testcase classname="test.TestNGClass1" name="VerifyTouristPlacesPage" time="0.0">
    <skipped/>
  </testcase> <!-- VerifyTouristPlacesPage -->
  <testcase classname="test.TestNGClass1" name="verifyRtiOnlinePage" time="0.0">
    <skipped/>
  </testcase> <!-- verifyRtiOnlinePage -->
  <testcase classname="test.TestNGClass1" name="verifyAdharCentresPage" time="0.0">
    <skipped/>
  </testcase> <!-- verifyAdharCentresPage -->
  <testcase classname="test.TestNGClass1" name="verifyViewDigitallySigned712Page" time="0.0">
    <skipped/>
  </testcase> <!-- verifyViewDigitallySigned712Page -->
</testsuite> <!-- Default test(failed)(failed) -->
