<?xml version="1.0" encoding="UTF-8"?>
<!-- Generated by org.testng.reporters.JUnitReportReporter -->
<testsuite hostname="DESKTOP-AUGHFJE" failures="3" tests="18" name="test.TestNGClass2" time="77.098" errors="0" timestamp="2023-04-24T18:22:41 IST" skipped="0">
  <testcase classname="test.TestNGClass2" name="verifyDistrictPuneGOMHomePage" time="3.265">
    <failure message="null" type="java.lang.AssertionError">
      <![CDATA[java.lang.AssertionError: null
at org.testng.Assert.fail(Assert.java:99)
at org.testng.Assert.fail(Assert.java:106)
at test.TestNGClass2.verifyDistrictPuneGOMHomePage(TestNGClass2.java:73)
at java.base/jdk.internal.reflect.DirectMethodHandleAccessor.invoke(DirectMethodHandleAccessor.java:104)
at java.base/java.lang.reflect.Method.invoke(Method.java:577)
at org.testng.internal.MethodInvocationHelper.invokeMethod(MethodInvocationHelper.java:133)
at org.testng.internal.TestInvoker.invokeMethod(TestInvoker.java:598)
at org.testng.internal.TestInvoker.invokeTestMethod(TestInvoker.java:173)
at org.testng.internal.MethodRunner.runInSequence(MethodRunner.java:46)
at org.testng.internal.TestInvoker$MethodInvocationAgent.invoke(TestInvoker.java:824)
at org.testng.internal.TestInvoker.invokeTestMethods(TestInvoker.java:146)
at org.testng.internal.TestMethodWorker.invokeTestMethods(TestMethodWorker.java:146)
at org.testng.internal.TestMethodWorker.run(TestMethodWorker.java:128)
at java.base/java.util.concurrent.ThreadPoolExecutor.runWorker(ThreadPoolExecutor.java:1136)
at java.base/java.util.concurrent.ThreadPoolExecutor$Worker.run(ThreadPoolExecutor.java:635)
at java.base/java.lang.Thread.run(Thread.java:833)
]]>
    </failure>
  </testcase> <!-- verifyDistrictPuneGOMHomePage -->
  <system-out/>
  <testcase classname="test.TestNGClass2" name="verifyDistrictPuneGOMHomePage" time="2.417">
    <failure message="null" type="java.lang.AssertionError">
      <![CDATA[java.lang.AssertionError: null
at org.testng.Assert.fail(Assert.java:99)
at org.testng.Assert.fail(Assert.java:106)
at test.TestNGClass2.verifyDistrictPuneGOMHomePage(TestNGClass2.java:73)
at java.base/jdk.internal.reflect.DirectMethodHandleAccessor.invoke(DirectMethodHandleAccessor.java:104)
at java.base/java.lang.reflect.Method.invoke(Method.java:577)
at org.testng.internal.MethodInvocationHelper.invokeMethod(MethodInvocationHelper.java:133)
at org.testng.internal.TestInvoker.invokeMethod(TestInvoker.java:598)
at org.testng.internal.TestInvoker.invokeTestMethod(TestInvoker.java:173)
at org.testng.internal.MethodRunner.runInSequence(MethodRunner.java:46)
at org.testng.internal.TestInvoker$MethodInvocationAgent.invoke(TestInvoker.java:824)
at org.testng.internal.TestInvoker.invokeTestMethods(TestInvoker.java:146)
at org.testng.internal.TestMethodWorker.invokeTestMethods(TestMethodWorker.java:146)
at org.testng.internal.TestMethodWorker.run(TestMethodWorker.java:128)
at java.base/java.util.concurrent.ThreadPoolExecutor.runWorker(ThreadPoolExecutor.java:1136)
at java.base/java.util.concurrent.ThreadPoolExecutor$Worker.run(ThreadPoolExecutor.java:635)
at java.base/java.lang.Thread.run(Thread.java:833)
]]>
    </failure>
  </testcase> <!-- verifyDistrictPuneGOMHomePage -->
  <system-out/>
  <testcase classname="test.TestNGClass2" name="verifyDistrictPuneGOMHomePage" time="1.457">
    <failure message="null" type="java.lang.AssertionError">
      <![CDATA[java.lang.AssertionError: null
at org.testng.Assert.fail(Assert.java:99)
at org.testng.Assert.fail(Assert.java:106)
at test.TestNGClass2.verifyDistrictPuneGOMHomePage(TestNGClass2.java:73)
at java.base/jdk.internal.reflect.DirectMethodHandleAccessor.invoke(DirectMethodHandleAccessor.java:104)
at java.base/java.lang.reflect.Method.invoke(Method.java:577)
at org.testng.internal.MethodInvocationHelper.invokeMethod(MethodInvocationHelper.java:133)
at org.testng.internal.TestInvoker.invokeMethod(TestInvoker.java:598)
at org.testng.internal.TestInvoker.invokeTestMethod(TestInvoker.java:173)
at org.testng.internal.MethodRunner.runInSequence(MethodRunner.java:46)
at org.testng.internal.TestInvoker$MethodInvocationAgent.invoke(TestInvoker.java:824)
at org.testng.internal.TestInvoker.invokeTestMethods(TestInvoker.java:146)
at org.testng.internal.TestMethodWorker.invokeTestMethods(TestMethodWorker.java:146)
at org.testng.internal.TestMethodWorker.run(TestMethodWorker.java:128)
at java.base/java.util.concurrent.ThreadPoolExecutor.runWorker(ThreadPoolExecutor.java:1136)
at java.base/java.util.concurrent.ThreadPoolExecutor$Worker.run(ThreadPoolExecutor.java:635)
at java.base/java.lang.Thread.run(Thread.java:833)
]]>
    </failure>
  </testcase> <!-- verifyDistrictPuneGOMHomePage -->
  <system-out/>
  <testcase classname="test.TestNGClass2" name="verifyWhosWhoPage" time="4.117"/>
  <system-out/>
  <testcase classname="test.TestNGClass2" name="verifyWhosWhoPage" time="12.130"/>
  <system-out/>
  <testcase classname="test.TestNGClass2" name="verifyWhosWhoPage" time="3.441"/>
  <system-out/>
  <testcase classname="test.TestNGClass2" name="VerifyTouristPlacesPage" time="7.390"/>
  <system-out/>
  <testcase classname="test.TestNGClass2" name="VerifyTouristPlacesPage" time="3.744"/>
  <system-out/>
  <testcase classname="test.TestNGClass2" name="VerifyTouristPlacesPage" time="3.619"/>
  <system-out/>
  <testcase classname="test.TestNGClass2" name="verifyRtiOnlinePage" time="3.866"/>
  <system-out/>
  <testcase classname="test.TestNGClass2" name="verifyRtiOnlinePage" time="2.982"/>
  <system-out/>
  <testcase classname="test.TestNGClass2" name="verifyRtiOnlinePage" time="2.471"/>
  <system-out/>
  <testcase classname="test.TestNGClass2" name="verifyAdharCentresPage" time="3.447"/>
  <system-out/>
  <testcase classname="test.TestNGClass2" name="verifyAdharCentresPage" time="10.667"/>
  <system-out/>
  <testcase classname="test.TestNGClass2" name="verifyAdharCentresPage" time="2.418"/>
  <system-out/>
  <testcase classname="test.TestNGClass2" name="verifyViewDigitallySigned712Page" time="3.007"/>
  <system-out/>
  <testcase classname="test.TestNGClass2" name="verifyViewDigitallySigned712Page" time="3.415"/>
  <system-out/>
  <testcase classname="test.TestNGClass2" name="verifyViewDigitallySigned712Page" time="3.245"/>
  <system-out/>
</testsuite> <!-- test.TestNGClass2 -->
