<?xml version="1.0" encoding="UTF-8"?>
<!-- Generated by org.testng.reporters.JUnitReportReporter -->
<testsuite hostname="DESKTOP-AUGHFJE" failures="0" tests="7" name="test.TestNGClass1" time="-1682560384.000" errors="1" timestamp="2023-04-27T07:23:38 IST" skipped="6">
  <testcase classname="test.TestNGClass1" name="launchBrowser" time="-1682560384.000">
    <error message="
Parameter &#039;browser&#039; is required by BeforeTest on method launchBrowser but has not been marked @Optional or defined
in C:\Users\Lenovo\AppData\Local\Temp\testng-eclipse-2044126179\testng-customsuite.xml" type="org.testng.TestNGException">
      <![CDATA[org.testng.TestNGException: 
Parameter 'browser' is required by BeforeTest on method launchBrowser but has not been marked @Optional or defined
in C:\Users\Lenovo\AppData\Local\Temp\testng-eclipse-2044126179\testng-customsuite.xml
at org.testng.internal.Parameters.createParams(Parameters.java:270)
at org.testng.internal.Parameters.createParametersForMethod(Parameters.java:358)
at org.testng.internal.Parameters.createParameters(Parameters.java:700)
at org.testng.internal.Parameters.createConfigurationParameters(Parameters.java:168)
at org.testng.internal.ConfigInvoker.invokeConfigurations(ConfigInvoker.java:302)
at org.testng.TestRunner.invokeTestConfigurations(TestRunner.java:637)
at org.testng.TestRunner.beforeRun(TestRunner.java:627)
at org.testng.TestRunner.run(TestRunner.java:589)
at org.testng.SuiteRunner.runTest(SuiteRunner.java:377)
at org.testng.SuiteRunner.runSequentially(SuiteRunner.java:371)
at org.testng.SuiteRunner.privateRun(SuiteRunner.java:332)
at org.testng.SuiteRunner.run(SuiteRunner.java:276)
at org.testng.SuiteRunnerWorker.runSuite(SuiteRunnerWorker.java:53)
at org.testng.SuiteRunnerWorker.run(SuiteRunnerWorker.java:96)
at org.testng.TestNG.runSuitesSequentially(TestNG.java:1212)
at org.testng.TestNG.runSuitesLocally(TestNG.java:1134)
at org.testng.TestNG.runSuites(TestNG.java:1063)
at org.testng.TestNG.run(TestNG.java:1031)
at org.testng.remote.AbstractRemoteTestNG.run(AbstractRemoteTestNG.java:115)
at org.testng.remote.RemoteTestNG.initAndRun(RemoteTestNG.java:251)
at org.testng.remote.RemoteTestNG.main(RemoteTestNG.java:77)
]]>
    </error>
  </testcase> <!-- launchBrowser -->
  <system-out/>
  <testcase classname="test.TestNGClass1" name="verifyDistrictPuneGOMHomePage" time="0.000">
    <skipped/>
  </testcase> <!-- verifyDistrictPuneGOMHomePage -->
  <system-out/>
  <testcase classname="test.TestNGClass1" name="verifyWhosWhoPage" time="0.000">
    <skipped/>
  </testcase> <!-- verifyWhosWhoPage -->
  <system-out/>
  <testcase classname="test.TestNGClass1" name="VerifyTouristPlacesPage" time="0.000">
    <skipped/>
  </testcase> <!-- VerifyTouristPlacesPage -->
  <system-out/>
  <testcase classname="test.TestNGClass1" name="verifyRtiOnlinePage" time="0.000">
    <skipped/>
  </testcase> <!-- verifyRtiOnlinePage -->
  <system-out/>
  <testcase classname="test.TestNGClass1" name="verifyAdharCentresPage" time="0.000">
    <skipped/>
  </testcase> <!-- verifyAdharCentresPage -->
  <system-out/>
  <testcase classname="test.TestNGClass1" name="verifyViewDigitallySigned712Page" time="0.000">
    <skipped/>
  </testcase> <!-- verifyViewDigitallySigned712Page -->
  <system-out/>
</testsuite> <!-- test.TestNGClass1 -->
