<?xml version="1.0" encoding="UTF-8"?>
<!-- Generated by org.testng.reporters.JUnitXMLReporter -->
<testsuite ignored="0" hostname="DESKTOP-AUGHFJE" failures="0" tests="6" name="Default test(failed)" time="0.169" errors="0" timestamp="2023-04-24T16:47:51 IST">
  <testcase classname="test.TestNGClass1" name="@BeforeTest launchBrowser" time="-1.682335071203E9">
    <failure type="org.testng.TestNGException" message="
Parameter &amp;apos;browser&amp;apos; is required by BeforeTest on method launchBrowser but has not been marked @Optional or defined
in C:\Users\Lenovo\eclipse-workspace\Maven_GovernmentOfMaharashtra_PuneDistrict\test-output\testng-failed.xml">
      <![CDATA[org.testng.TestNGException: 
Parameter 'browser' is required by BeforeTest on method launchBrowser but has not been marked @Optional or defined
in C:\Users\Lenovo\eclipse-workspace\Maven_GovernmentOfMaharashtra_PuneDistrict\test-output\testng-failed.xml
... Removed 21 stack frames]]>
    </failure>
  </testcase> <!-- @BeforeTest launchBrowser -->
  <testcase classname="test.TestNGClass1" name="@BeforeClass launchBrowser" time="-1.682335071253E9">
    <skipped/>
  </testcase> <!-- @BeforeClass launchBrowser -->
  <testcase classname="test.TestNGClass1" name="@BeforeMethod goToDistrictPuneGOMHomePage" time="-1.682335071276E9">
    <skipped/>
  </testcase> <!-- @BeforeMethod goToDistrictPuneGOMHomePage -->
  <testcase classname="test.TestNGClass1" name="@AfterMethod closePage" time="-1.682335071287E9">
    <skipped/>
  </testcase> <!-- @AfterMethod closePage -->
  <testcase classname="test.TestNGClass1" name="@BeforeMethod goToDistrictPuneGOMHomePage" time="-1.682335071293E9">
    <skipped/>
  </testcase> <!-- @BeforeMethod goToDistrictPuneGOMHomePage -->
  <testcase classname="test.TestNGClass1" name="@AfterMethod closePage" time="-1.682335071299E9">
    <skipped/>
  </testcase> <!-- @AfterMethod closePage -->
  <testcase classname="test.TestNGClass1" name="@BeforeMethod goToDistrictPuneGOMHomePage" time="-1.682335071302E9">
    <skipped/>
  </testcase> <!-- @BeforeMethod goToDistrictPuneGOMHomePage -->
  <testcase classname="test.TestNGClass1" name="@AfterMethod closePage" time="-1.682335071309E9">
    <skipped/>
  </testcase> <!-- @AfterMethod closePage -->
  <testcase classname="test.TestNGClass1" name="@BeforeMethod goToDistrictPuneGOMHomePage" time="-1.682335071316E9">
    <skipped/>
  </testcase> <!-- @BeforeMethod goToDistrictPuneGOMHomePage -->
  <testcase classname="test.TestNGClass1" name="@AfterMethod closePage" time="-1.682335071328E9">
    <skipped/>
  </testcase> <!-- @AfterMethod closePage -->
  <testcase classname="test.TestNGClass1" name="@BeforeMethod goToDistrictPuneGOMHomePage" time="-1.68233507133E9">
    <skipped/>
  </testcase> <!-- @BeforeMethod goToDistrictPuneGOMHomePage -->
  <testcase classname="test.TestNGClass1" name="@AfterMethod closePage" time="-1.682335071346E9">
    <skipped/>
  </testcase> <!-- @AfterMethod closePage -->
  <testcase classname="test.TestNGClass1" name="@BeforeMethod goToDistrictPuneGOMHomePage" time="-1.682335071349E9">
    <skipped/>
  </testcase> <!-- @BeforeMethod goToDistrictPuneGOMHomePage -->
  <testcase classname="test.TestNGClass1" name="@AfterMethod closePage" time="-1.682335071355E9">
    <skipped/>
  </testcase> <!-- @AfterMethod closePage -->
  <testcase classname="test.TestNGClass1" name="@AfterClass removeObjects" time="-1.68233507136E9">
    <skipped/>
  </testcase> <!-- @AfterClass removeObjects -->
  <testcase classname="test.TestNGClass1" name="@AfterTest closeBrowser" time="-1.682335071362E9">
    <skipped/>
  </testcase> <!-- @AfterTest closeBrowser -->
  <testcase classname="test.TestNGClass1" name="verifyDistrictPuneGOMHomePage" time="0.0">
    <skipped/>
  </testcase> <!-- verifyDistrictPuneGOMHomePage -->
  <testcase classname="test.TestNGClass1" name="verifyWhosWhoPage" time="0.0">
    <skipped/>
  </testcase> <!-- verifyWhosWhoPage -->
  <testcase classname="test.TestNGClass1" name="VerifyTouristPlacesPage" time="0.0">
    <skipped/>
  </testcase> <!-- VerifyTouristPlacesPage -->
  <testcase classname="test.TestNGClass1" name="verifyRtiOnlinePage" time="0.0">
    <skipped/>
  </testcase> <!-- verifyRtiOnlinePage -->
  <testcase classname="test.TestNGClass1" name="verifyAdharCentresPage" time="0.0">
    <skipped/>
  </testcase> <!-- verifyAdharCentresPage -->
  <testcase classname="test.TestNGClass1" name="verifyViewDigitallySigned712Page" time="0.0">
    <skipped/>
  </testcase> <!-- verifyViewDigitallySigned712Page -->
</testsuite> <!-- Default test(failed) -->
