<?xml version="1.0" encoding="UTF-8"?>
<!-- Generated by org.testng.reporters.JUnitXMLReporter -->
<testsuite ignored="0" hostname="DESKTOP-AUGHFJE" failures="1" tests="12" name="ChromeTest" time="25.722" errors="0" timestamp="2023-04-24T18:22:04 IST">
  <testcase classname="test.TestNGClass1" name="verifyDistrictPuneGOMHomePage" time="0.023"/>
  <testcase classname="test.TestNGClass2" name="verifyDistrictPuneGOMHomePage" time="0.028">
    <failure type="java.lang.AssertionError" message="null">
      <![CDATA[java.lang.AssertionError: null
at test.TestNGClass2.verifyDistrictPuneGOMHomePage(TestNGClass2.java:73)
at java.base/java.util.concurrent.ThreadPoolExecutor.runWorker(ThreadPoolExecutor.java:1136)
at java.base/java.util.concurrent.ThreadPoolExecutor$Worker.run(ThreadPoolExecutor.java:635)
at java.base/java.lang.Thread.run(Thread.java:833)
... Removed 12 stack frames]]>
    </failure>
  </testcase> <!-- verifyDistrictPuneGOMHomePage -->
  <testcase classname="test.TestNGClass1" name="verifyWhosWhoPage" time="1.968"/>
  <testcase classname="test.TestNGClass2" name="verifyWhosWhoPage" time="1.733"/>
  <testcase classname="test.TestNGClass1" name="VerifyTouristPlacesPage" time="1.685"/>
  <testcase classname="test.TestNGClass2" name="VerifyTouristPlacesPage" time="1.895"/>
  <testcase classname="test.TestNGClass1" name="verifyRtiOnlinePage" time="1.276"/>
  <testcase classname="test.TestNGClass2" name="verifyRtiOnlinePage" time="1.771"/>
  <testcase classname="test.TestNGClass1" name="verifyAdharCentresPage" time="1.58"/>
  <testcase classname="test.TestNGClass2" name="verifyAdharCentresPage" time="1.252"/>
  <testcase classname="test.TestNGClass1" name="verifyViewDigitallySigned712Page" time="0.932"/>
  <testcase classname="test.TestNGClass2" name="verifyViewDigitallySigned712Page" time="0.91"/>
</testsuite> <!-- ChromeTest -->
