<?xml version="1.0" encoding="UTF-8"?>
<!-- Generated by org.testng.reporters.JUnitXMLReporter -->
<testsuite ignored="0" hostname="DESKTOP-AUGHFJE" failures="1" tests="12" name="edgeTestS" time="33.485" errors="0" timestamp="2023-04-24T18:21:38 IST">
  <testcase classname="test.TestNGClass1" name="verifyDistrictPuneGOMHomePage" time="0.118"/>
  <testcase classname="test.TestNGClass2" name="verifyDistrictPuneGOMHomePage" time="0.029">
    <failure type="java.lang.AssertionError" message="null">
      <![CDATA[java.lang.AssertionError: null
at test.TestNGClass2.verifyDistrictPuneGOMHomePage(TestNGClass2.java:73)
at java.base/java.util.concurrent.ThreadPoolExecutor.runWorker(ThreadPoolExecutor.java:1136)
at java.base/java.util.concurrent.ThreadPoolExecutor$Worker.run(ThreadPoolExecutor.java:635)
at java.base/java.lang.Thread.run(Thread.java:833)
... Removed 12 stack frames]]>
    </failure>
  </testcase> <!-- verifyDistrictPuneGOMHomePage -->
  <testcase classname="test.TestNGClass1" name="verifyWhosWhoPage" time="1.686"/>
  <testcase classname="test.TestNGClass1" name="VerifyTouristPlacesPage" time="1.663"/>
  <testcase classname="test.TestNGClass2" name="verifyWhosWhoPage" time="6.065"/>
  <testcase classname="test.TestNGClass1" name="verifyRtiOnlinePage" time="1.392"/>
  <testcase classname="test.TestNGClass2" name="VerifyTouristPlacesPage" time="1.643"/>
  <testcase classname="test.TestNGClass1" name="verifyAdharCentresPage" time="1.376"/>
  <testcase classname="test.TestNGClass2" name="verifyRtiOnlinePage" time="1.021"/>
  <testcase classname="test.TestNGClass1" name="verifyViewDigitallySigned712Page" time="1.504"/>
  <testcase classname="test.TestNGClass2" name="verifyAdharCentresPage" time="1.335"/>
  <testcase classname="test.TestNGClass2" name="verifyViewDigitallySigned712Page" time="1.209"/>
</testsuite> <!-- edgeTestS -->
