<?xml version="1.0" encoding="UTF-8"?>
<!-- Generated by org.testng.reporters.JUnitXMLReporter -->
<testsuite ignored="0" hostname="DESKTOP-AUGHFJE" failures="0" tests="6" name="Default test" time="0.203" errors="0" timestamp="2023-04-27T07:23:38 IST">
  <testcase classname="test.TestNGClass1" name="@BeforeTest launchBrowser" time="-1.682560418347E9">
    <failure type="org.testng.TestNGException" message="
Parameter &amp;apos;browser&amp;apos; is required by BeforeTest on method launchBrowser but has not been marked @Optional or defined
in C:\Users\Lenovo\AppData\Local\Temp\testng-eclipse-2044126179\testng-customsuite.xml">
      <![CDATA[org.testng.TestNGException: 
Parameter 'browser' is required by BeforeTest on method launchBrowser but has not been marked @Optional or defined
in C:\Users\Lenovo\AppData\Local\Temp\testng-eclipse-2044126179\testng-customsuite.xml
at org.testng.internal.Parameters.createParams(Parameters.java:270)
at org.testng.internal.Parameters.createParametersForMethod(Parameters.java:358)
at org.testng.internal.Parameters.createParameters(Parameters.java:700)
at org.testng.internal.Parameters.createConfigurationParameters(Parameters.java:168)
at org.testng.internal.ConfigInvoker.invokeConfigurations(ConfigInvoker.java:302)
at org.testng.TestRunner.invokeTestConfigurations(TestRunner.java:637)
at org.testng.TestRunner.beforeRun(TestRunner.java:627)
at org.testng.TestRunner.run(TestRunner.java:589)
at org.testng.SuiteRunner.runTest(SuiteRunner.java:377)
at org.testng.SuiteRunner.runSequentially(SuiteRunner.java:371)
at org.testng.SuiteRunner.privateRun(SuiteRunner.java:332)
at org.testng.SuiteRunner.run(SuiteRunner.java:276)
at org.testng.SuiteRunnerWorker.runSuite(SuiteRunnerWorker.java:53)
at org.testng.SuiteRunnerWorker.run(SuiteRunnerWorker.java:96)
at org.testng.TestNG.runSuitesSequentially(TestNG.java:1212)
at org.testng.TestNG.runSuitesLocally(TestNG.java:1134)
at org.testng.TestNG.runSuites(TestNG.java:1063)
at org.testng.TestNG.run(TestNG.java:1031)
at org.testng.remote.AbstractRemoteTestNG.run(AbstractRemoteTestNG.java:115)
at org.testng.remote.RemoteTestNG.initAndRun(RemoteTestNG.java:251)
at org.testng.remote.RemoteTestNG.main(RemoteTestNG.java:77)
]]>
    </failure>
  </testcase> <!-- @BeforeTest launchBrowser -->
  <testcase classname="test.TestNGClass1" name="@BeforeClass launchBrowser" time="-1.682560418395E9">
    <skipped/>
  </testcase> <!-- @BeforeClass launchBrowser -->
  <testcase classname="test.TestNGClass1" name="@BeforeMethod goToDistrictPuneGOMHomePage" time="-1.682560418425E9">
    <skipped/>
  </testcase> <!-- @BeforeMethod goToDistrictPuneGOMHomePage -->
  <testcase classname="test.TestNGClass1" name="@AfterMethod closePage" time="-1.682560418438E9">
    <skipped/>
  </testcase> <!-- @AfterMethod closePage -->
  <testcase classname="test.TestNGClass1" name="@BeforeMethod goToDistrictPuneGOMHomePage" time="-1.682560418448E9">
    <skipped/>
  </testcase> <!-- @BeforeMethod goToDistrictPuneGOMHomePage -->
  <testcase classname="test.TestNGClass1" name="@AfterMethod closePage" time="-1.68256041846E9">
    <skipped/>
  </testcase> <!-- @AfterMethod closePage -->
  <testcase classname="test.TestNGClass1" name="@BeforeMethod goToDistrictPuneGOMHomePage" time="-1.682560418465E9">
    <skipped/>
  </testcase> <!-- @BeforeMethod goToDistrictPuneGOMHomePage -->
  <testcase classname="test.TestNGClass1" name="@AfterMethod closePage" time="-1.682560418489E9">
    <skipped/>
  </testcase> <!-- @AfterMethod closePage -->
  <testcase classname="test.TestNGClass1" name="@BeforeMethod goToDistrictPuneGOMHomePage" time="-1.682560418491E9">
    <skipped/>
  </testcase> <!-- @BeforeMethod goToDistrictPuneGOMHomePage -->
  <testcase classname="test.TestNGClass1" name="@AfterMethod closePage" time="-1.682560418498E9">
    <skipped/>
  </testcase> <!-- @AfterMethod closePage -->
  <testcase classname="test.TestNGClass1" name="@BeforeMethod goToDistrictPuneGOMHomePage" time="-1.682560418501E9">
    <skipped/>
  </testcase> <!-- @BeforeMethod goToDistrictPuneGOMHomePage -->
  <testcase classname="test.TestNGClass1" name="@AfterMethod closePage" time="-1.682560418513E9">
    <skipped/>
  </testcase> <!-- @AfterMethod closePage -->
  <testcase classname="test.TestNGClass1" name="@BeforeMethod goToDistrictPuneGOMHomePage" time="-1.682560418515E9">
    <skipped/>
  </testcase> <!-- @BeforeMethod goToDistrictPuneGOMHomePage -->
  <testcase classname="test.TestNGClass1" name="@AfterMethod closePage" time="-1.68256041853E9">
    <skipped/>
  </testcase> <!-- @AfterMethod closePage -->
  <testcase classname="test.TestNGClass1" name="@AfterClass removeObjects" time="-1.682560418533E9">
    <skipped/>
  </testcase> <!-- @AfterClass removeObjects -->
  <testcase classname="test.TestNGClass1" name="@AfterTest closeBrowser" time="-1.682560418534E9">
    <skipped/>
  </testcase> <!-- @AfterTest closeBrowser -->
  <testcase classname="test.TestNGClass1" name="verifyDistrictPuneGOMHomePage" time="0.0">
    <skipped/>
  </testcase> <!-- verifyDistrictPuneGOMHomePage -->
  <testcase classname="test.TestNGClass1" name="verifyWhosWhoPage" time="0.0">
    <skipped/>
  </testcase> <!-- verifyWhosWhoPage -->
  <testcase classname="test.TestNGClass1" name="VerifyTouristPlacesPage" time="0.0">
    <skipped/>
  </testcase> <!-- VerifyTouristPlacesPage -->
  <testcase classname="test.TestNGClass1" name="verifyRtiOnlinePage" time="0.0">
    <skipped/>
  </testcase> <!-- verifyRtiOnlinePage -->
  <testcase classname="test.TestNGClass1" name="verifyAdharCentresPage" time="0.0">
    <skipped/>
  </testcase> <!-- verifyAdharCentresPage -->
  <testcase classname="test.TestNGClass1" name="verifyViewDigitallySigned712Page" time="0.0">
    <skipped/>
  </testcase> <!-- verifyViewDigitallySigned712Page -->
</testsuite> <!-- Default test -->
